[31-Oct-2021 12:14:37 UTC] PHP Fatal error:  Out of memory (allocated 16777216) (tried to allocate 32768 bytes) in D:\Program Files\Ampps\www\wordpress2021-gaulinelliot\wp-includes\rest-api.php on line 317
[31-Oct-2021 12:14:37 UTC] PHP Stack trace:
[31-Oct-2021 12:14:37 UTC] PHP   1. {main}() D:\Program Files\Ampps\www\wordpress2021-gaulinelliot\wp-admin\admin-ajax.php:0
[31-Oct-2021 12:14:37 UTC] PHP   2. require_once() D:\Program Files\Ampps\www\wordpress2021-gaulinelliot\wp-admin\admin-ajax.php:22
[31-Oct-2021 12:14:37 UTC] PHP   3. require_once() D:\Program Files\Ampps\www\wordpress2021-gaulinelliot\wp-load.php:50
[31-Oct-2021 12:14:37 UTC] PHP   4. require_once() D:\Program Files\Ampps\www\wordpress2021-gaulinelliot\wp-config.php:106
[31-Oct-2021 12:38:09 UTC] PHP Parse error:  syntax error, unexpected '}' in D:\Program Files\Ampps\www\wordpress2021-gaulinelliot\wp-content\themes\elliot\functions.php on line 863
[31-Oct-2021 12:40:07 UTC] PHP Parse error:  syntax error, unexpected '}' in D:\Program Files\Ampps\www\wordpress2021-gaulinelliot\wp-content\themes\elliot\functions.php on line 863
[31-Oct-2021 12:42:07 UTC] PHP Parse error:  syntax error, unexpected '}' in D:\Program Files\Ampps\www\wordpress2021-gaulinelliot\wp-content\themes\elliot\functions.php on line 863
[31-Oct-2021 12:44:08 UTC] PHP Parse error:  syntax error, unexpected '}' in D:\Program Files\Ampps\www\wordpress2021-gaulinelliot\wp-content\themes\elliot\functions.php on line 863
[31-Oct-2021 12:46:08 UTC] PHP Parse error:  syntax error, unexpected '}' in D:\Program Files\Ampps\www\wordpress2021-gaulinelliot\wp-content\themes\elliot\functions.php on line 863
[31-Oct-2021 12:48:08 UTC] PHP Parse error:  syntax error, unexpected '}' in D:\Program Files\Ampps\www\wordpress2021-gaulinelliot\wp-content\themes\elliot\functions.php on line 863
[31-Oct-2021 12:50:08 UTC] PHP Parse error:  syntax error, unexpected '}' in D:\Program Files\Ampps\www\wordpress2021-gaulinelliot\wp-content\themes\elliot\functions.php on line 863
[31-Oct-2021 12:52:08 UTC] PHP Parse error:  syntax error, unexpected '}' in D:\Program Files\Ampps\www\wordpress2021-gaulinelliot\wp-content\themes\elliot\functions.php on line 865
[31-Oct-2021 12:54:08 UTC] PHP Parse error:  syntax error, unexpected '}' in D:\Program Files\Ampps\www\wordpress2021-gaulinelliot\wp-content\themes\elliot\functions.php on line 865
[31-Oct-2021 12:56:08 UTC] PHP Parse error:  syntax error, unexpected '}' in D:\Program Files\Ampps\www\wordpress2021-gaulinelliot\wp-content\themes\elliot\functions.php on line 865
[31-Oct-2021 13:25:53 UTC] Erreur de la base de données WordPress You have an error in your SQL syntax; check the manual that corresponds to your MySQL server version for the right syntax to use near '%s' at line 3 pour la requête 
		SELECT id
			FROM cegepvicto_elliot_categorie
			WHERE id = %s faite par elliot_verifier_categorie
[31-Oct-2021 13:25:53 UTC] Message de débogage: You have an error in your SQL syntax; check the manual that corresponds to your MySQL server version for the right syntax to use near '%s' at line 3
[31-Oct-2021 13:26:35 UTC] Erreur de la base de données WordPress You have an error in your SQL syntax; check the manual that corresponds to your MySQL server version for the right syntax to use near '%s' at line 3 pour la requête 
		SELECT id
			FROM cegepvicto_elliot_categorie
			WHERE id = %s faite par elliot_verifier_categorie
[31-Oct-2021 13:26:35 UTC] Message de débogage: You have an error in your SQL syntax; check the manual that corresponds to your MySQL server version for the right syntax to use near '%s' at line 3
[31-Oct-2021 13:27:57 UTC] Erreur de la base de données WordPress You have an error in your SQL syntax; check the manual that corresponds to your MySQL server version for the right syntax to use near '%s' at line 3 pour la requête 
		SELECT id
			FROM cegepvicto_elliot_categorie
			WHERE id = %s faite par elliot_verifier_categorie
[31-Oct-2021 13:27:57 UTC] Message de débogage: You have an error in your SQL syntax; check the manual that corresponds to your MySQL server version for the right syntax to use near '%s' at line 3
[31-Oct-2021 13:31:41 UTC] Erreur de la base de données WordPress You have an error in your SQL syntax; check the manual that corresponds to your MySQL server version for the right syntax to use near '%s' at line 3 pour la requête 
		SELECT id
			FROM cegepvicto_elliot_categorie
			WHERE id = %s faite par elliot_verifier_categorie
[31-Oct-2021 13:31:41 UTC] Message de débogage: You have an error in your SQL syntax; check the manual that corresponds to your MySQL server version for the right syntax to use near '%s' at line 3
[31-Oct-2021 13:31:49 UTC] Erreur de la base de données WordPress You have an error in your SQL syntax; check the manual that corresponds to your MySQL server version for the right syntax to use near '%s' at line 3 pour la requête 
		SELECT id
			FROM cegepvicto_elliot_categorie
			WHERE id = %s faite par elliot_verifier_categorie
[31-Oct-2021 13:31:49 UTC] Message de débogage: You have an error in your SQL syntax; check the manual that corresponds to your MySQL server version for the right syntax to use near '%s' at line 3
